[   0.000][v][cplayer] mpv v0.41.0 Copyright © 2000-2025 mpv/MPlayer/mplayer2 projects
[   0.000][v][cplayer]  built on Dec 22 2025 14:58:51
[   0.000][v][cplayer] libplacebo version: v7.351.0
[   0.000][v][cplayer] FFmpeg version: n8.0.1
[   0.000][v][cplayer] FFmpeg library versions:
[   0.000][v][cplayer]    libavcodec      62.11.100
[   0.000][v][cplayer]    libavdevice     62.1.100
[   0.000][v][cplayer]    libavfilter     11.4.100
[   0.000][v][cplayer]    libavformat     62.3.100
[   0.000][v][cplayer]    libavutil       60.8.100
[   0.000][v][cplayer]    libswresample   6.1.100
[   0.000][v][cplayer]    libswscale      9.1.100
[   0.000][v][cplayer] Configuration: -Db_pie=true -Dpython.bytecompile=1 -Dlibmpv=true -Dgl-x11=enabled -Dcaca=disabled -Dcdda=enabled -Ddrm=enabled -Ddvbin=enabled -Ddvdnav=enabled -Dlibarchive=enabled -Dopenal=enabled -Dsdl2-audio=enabled -Dsdl2-video=enabled -Dsdl2-gamepad=enabled -Dprefix=/usr -Dlibexecdir=lib -Dsbindir=bin -Dauto_features=auto -Dbuildtype=plain -Dwrap_mode=nodownload
[   0.000][v][cplayer] List of enabled features: alsa build-date cdda cplugins cuda-hwaccel cuda-interop dmabuf-interop-gl dmabuf-wayland drm dvbin dvdnav egl egl-drm egl-wayland egl-x11 ffmpeg ffnvcodec gbm gl gl-x11 glibc-thread-name glob glob-posix gpl iconv jack javascript jpeg lcms2 libarchive libass libavdevice libbluray libdl libplacebo linux-fstatfs luajit memfd-create memrchr openal pipewire posix posix-shm ppoll pthread-condattr-setclock pulse rubberband rubberband-3 sdl2-audio sdl2-gamepad sdl2-video sixel uchardet vaapi vaapi-drm vaapi-wayland vaapi-x11 vapoursynth vdpau vdpau-gl-x11 vector vk-khr-display vt.h vulkan wayland wayland-protocols-1-32 wayland-protocols-1-38 wayland-protocols-1-39 wayland-protocols-1-41 wayland-protocols-1-44 wayland-protocols-1-47 x11 x11-clipboard xv zimg zimg-st428 zlib
[   0.000][d][global] home path: '' -> '-'
[   0.000][d][global] user path: '~~home/' -> ''
[   0.000][d][global] user path: '~~old_home/' -> ''
[   0.000][d][ytdl_hook] Loading lua script @ytdl_hook.lua...
[   0.000][d][stats] Loading lua script @stats.lua...
[   0.000][d][console] Loading lua script @console.lua...
[   0.000][d][auto_profiles] Loading lua script @auto_profiles.lua...
[   0.000][d][select] Loading lua script @select.lua...
[   0.000][d][positioning] Loading lua script @positioning.lua...
[   0.000][d][commands] Loading lua script @commands.lua...
[   0.000][d][console] loading mp.defaults
[   0.000][d][ytdl_hook] loading mp.defaults
[   0.000][d][stats] loading mp.defaults
[   0.000][d][context_menu] Loading lua script @context_menu.lua...
[   0.000][d][auto_profiles] loading mp.defaults
[   0.000][d][select] loading mp.defaults
[   0.000][d][commands] loading mp.defaults
[   0.000][d][positioning] loading mp.defaults
[   0.000][d][commands] loading @commands.lua
[   0.000][d][console] loading @console.lua
[   0.000][d][ytdl_hook] loading @ytdl_hook.lua
[   0.000][d][stats] loading @stats.lua
[   0.000][d][auto_profiles] loading @auto_profiles.lua
[   0.000][d][select] loading @select.lua
[   0.000][d][positioning] loading @positioning.lua
[   0.000][d][positioning] reading options for positioning
[   0.000][d][positioning] script-opts/positioning.conf not found.
[   0.000][d][positioning] lua-settings/positioning.conf not found.
[   0.000][d][ytdl_hook] reading options for ytdl_hook
[   0.000][d][ytdl_hook] script-opts/ytdl_hook.conf not found.
[   0.000][d][ytdl_hook] lua-settings/ytdl_hook.conf not found.
[   0.000][d][select] reading options for select
[   0.000][d][select] script-opts/select.conf not found.
[   0.000][d][select] lua-settings/select.conf not found.
[   0.000][d][stats] reading options for stats
[   0.000][d][stats] script-opts/stats.conf not found.
[   0.000][d][stats] lua-settings/stats.conf not found.
[   0.000][v][clipboard/wayland] Registered interface wl_seat at version 8
[   0.000][v][clipboard/wayland] Registered interface ext_data_control_manager_v1 at version 1
[   0.000][d][context_menu] loading mp.defaults
[   0.000][v][clipboard] Initialized wayland clipboard backend.
[   0.000][v][clipboard/wayland] Read 76 bytes from the data offer fd
[   0.000][v][cplayer] Set property: demuxer-lavf-o="protocol_whitelist=[file,https,http,tls,tcp,crypto,data]" -> 1
[   0.000][d][commands] reading options for commands
[   0.000][d][commands] script-opts/commands.conf not found.
[   0.000][d][commands] lua-settings/commands.conf not found.
[   0.000][v][clipboard/wayland] Read 36620 bytes from the data offer fd
[   0.000][d][context_menu] loading @context_menu.lua
[   0.000][d][console] reading options for console
[   0.000][d][console] script-opts/console.conf not found.
[   0.000][d][console] lua-settings/console.conf not found.
[   0.000][d][cplayer] Run command: define-section, flags=64, args=[name="input_positioning", contents="", flags="default"]
[   0.000][d][cplayer] Run command: enable-section, flags=64, args=[name="input_positioning", flags="allow-hide-cursor+allow-vo-dragging"]
[   0.000][d][cplayer] Run command: define-section, flags=64, args=[name="input_forced_positioning", contents="", flags="force"]
[   0.000][d][cplayer] Run command: enable-section, flags=64, args=[name="input_forced_positioning", flags="allow-hide-cursor+allow-vo-dragging"]
[   0.000][d][context_menu] reading options for context_menu
[   0.000][d][context_menu] script-opts/context_menu.conf not found.
[   0.000][d][context_menu] lua-settings/context_menu.conf not found.
[   0.007][v][cplayer] mpv v0.41.0 Copyright © 2000-2025 mpv/MPlayer/mplayer2 projects
[   0.007][v][cplayer]  built on Dec 22 2025 14:58:51
[   0.007][v][cplayer] libplacebo version: v7.351.0
[   0.007][v][cplayer] FFmpeg version: n8.0.1
[   0.007][v][cplayer] FFmpeg library versions:
[   0.007][v][cplayer]    libavcodec      62.11.100
[   0.007][v][cplayer]    libavdevice     62.1.100
[   0.007][v][cplayer]    libavfilter     11.4.100
[   0.007][v][cplayer]    libavformat     62.3.100
[   0.007][v][cplayer]    libavutil       60.8.100
[   0.007][v][cplayer]    libswresample   6.1.100
[   0.007][v][cplayer]    libswscale      9.1.100
[   0.007][v][cplayer] Configuration: -Db_pie=true -Dpython.bytecompile=1 -Dlibmpv=true -Dgl-x11=enabled -Dcaca=disabled -Dcdda=enabled -Ddrm=enabled -Ddvbin=enabled -Ddvdnav=enabled -Dlibarchive=enabled -Dopenal=enabled -Dsdl2-audio=enabled -Dsdl2-video=enabled -Dsdl2-gamepad=enabled -Dprefix=/usr -Dlibexecdir=lib -Dsbindir=bin -Dauto_features=auto -Dbuildtype=plain -Dwrap_mode=nodownload
[   0.007][v][cplayer] List of enabled features: alsa build-date cdda cplugins cuda-hwaccel cuda-interop dmabuf-interop-gl dmabuf-wayland drm dvbin dvdnav egl egl-drm egl-wayland egl-x11 ffmpeg ffnvcodec gbm gl gl-x11 glibc-thread-name glob glob-posix gpl iconv jack javascript jpeg lcms2 libarchive libass libavdevice libbluray libdl libplacebo linux-fstatfs luajit memfd-create memrchr openal pipewire posix posix-shm ppoll pthread-condattr-setclock pulse rubberband rubberband-3 sdl2-audio sdl2-gamepad sdl2-video sixel uchardet vaapi vaapi-drm vaapi-wayland vaapi-x11 vapoursynth vdpau vdpau-gl-x11 vector vk-khr-display vt.h vulkan wayland wayland-protocols-1-32 wayland-protocols-1-38 wayland-protocols-1-39 wayland-protocols-1-41 wayland-protocols-1-44 wayland-protocols-1-47 x11 x11-clipboard xv zimg zimg-st428 zlib
[   0.007][v][cplayer] Set property: log-file="./mpv.log" -> 1
[   0.007][d][cplayer] Run command: define-section, flags=64, args=[name="input_stats", contents="", flags="default"]
[   0.007][d][cplayer] Run command: define-section, flags=64, args=[name="input_console", contents="", flags="default"]
[   0.007][d][cplayer] Run command: define-section, flags=64, args=[name="input_select", contents="", flags="default"]
[   0.007][d][cplayer] Run command: enable-section, flags=64, args=[name="input_stats", flags="allow-hide-cursor+allow-vo-dragging"]
[   0.007][d][cplayer] Run command: enable-section, flags=64, args=[name="input_console", flags="allow-hide-cursor+allow-vo-dragging"]
[   0.007][d][cplayer] Run command: enable-section, flags=64, args=[name="input_select", flags="allow-hide-cursor+allow-vo-dragging"]
[   0.007][d][cplayer] Run command: define-section, flags=64, args=[name="input_forced_console", contents="", flags="force"]
[   0.007][d][cplayer] Run command: enable-section, flags=64, args=[name="input_forced_console", flags="allow-hide-cursor+allow-vo-dragging"]
[   0.007][d][cplayer] Run command: define-section, flags=64, args=[name="input_forced_stats", contents="", flags="force"]
[   0.007][d][cplayer] Run command: enable-section, flags=64, args=[name="input_forced_stats", flags="allow-hide-cursor+allow-vo-dragging"]
[   0.007][d][cplayer] Run command: define-section, flags=64, args=[name="input_commands", contents="", flags="default"]
[   0.007][d][cplayer] Run command: enable-section, flags=64, args=[name="input_commands", flags="allow-hide-cursor+allow-vo-dragging"]
[   0.007][d][cplayer] Run command: define-section, flags=64, args=[name="input_forced_commands", contents="", flags="force"]
[   0.007][d][cplayer] Run command: enable-section, flags=64, args=[name="input_forced_commands", flags="allow-hide-cursor+allow-vo-dragging"]
[   0.007][d][cplayer] Run command: define-section, flags=64, args=[name="input_forced_select", contents="", flags="force"]
[   0.007][d][cplayer] Run command: enable-section, flags=64, args=[name="input_forced_select", flags="allow-hide-cursor+allow-vo-dragging"]
[   0.008][d][auto_profiles] Destroying client handle...
[   6.279][d][cplayer] Run command: loadfile, flags=64, args=[url="/tmp/mpd_235d40ac-5abd-4d55-a2f0-1ab06727568b.mpd", flags="replace", index="-1", options=""]
[   6.279][v][cplayer] Running hook: auto_profiles/on_before_start_file
[   6.279][v][cplayer] Failed sending hook command auto_profiles/on_before_start_file. Removing hook.
[   6.279][d][global] state path: 'watch_later' -> '-'
[   6.279][v][cplayer] Running hook: auto_profiles/on_load
[   6.279][v][cplayer] Failed sending hook command auto_profiles/on_load. Removing hook.
[   6.279][v][cplayer] Running hook: ytdl_hook/on_load
[   6.279][v][cplayer] Running hook: ytdl_hook/on_load
[   6.279][v][ytdl_hook] playlist hook
[   6.280][v][ifo_dvdnav] Opening /tmp/mpd_235d40ac-5abd-4d55-a2f0-1ab06727568b.mpd
[   6.280][v][bdmv/bluray] Opening /tmp/mpd_235d40ac-5abd-4d55-a2f0-1ab06727568b.mpd
[   6.280][v][file] Opening /tmp/mpd_235d40ac-5abd-4d55-a2f0-1ab06727568b.mpd
[   6.280][d][file] resize stream to 131072 bytes, drop 0 bytes
[   6.280][d][file] Stream opened successfully.
[   6.280][v][demux] Trying demuxers for level=normal.
[   6.280][d][demux] Trying demuxer: directory (force-level: normal)
[   6.280][d][demux] Trying demuxer: disc (force-level: normal)
[   6.280][d][demux] Trying demuxer: edl (force-level: normal)
[   6.280][d][demux] Trying demuxer: cue (force-level: normal)
[   6.280][d][demux] Trying demuxer: rawaudio (force-level: normal)
[   6.280][d][demux] Trying demuxer: rawvideo (force-level: normal)
[   6.280][d][demux] Trying demuxer: mkv (force-level: normal)
[   6.280][d][demux] Trying demuxer: libarchive (force-level: normal)
[   6.280][d][demux] Trying demuxer: lavf (force-level: normal)
[   6.283][v][lavf] Found 'dash' at score=100 size=1784.
[   6.283][d][ffmpeg/demuxer] dash: DASH request for url 'https://sp-ad-fa.audio.tidal.com/mediatracks/GigIAxIkMzk2MzRjOGM1ODkxMjhiY2U2MWZjYjA2MDA2MWUwZjMubXA0IiAdAACAQCACKhB3aHDeP5TFpK-rdvTUQO_EMgUNAACgQQ/0.mp4?token=1769040222~L21lZGlhdHJhY2tzL0dpZ0lBeElrTXprMk16UmpPR00xT0RreE1qaGlZMlUyTVdaallqQTJNREEyTVdVd1pqTXViWEEwSWlBZEFBQ0FRQ0FDS2hCM2FIRGVQNVRGcEstcmR2VFVRT19FTWdVTkFBQ2dRUS8qfjMzYTY1YTA3Y2ZmYzg0N2YzNDFlMmZlMDdmYjA5N2Y0OTIzNGY2NTA=', offset 0
[   6.291][d][ffmpeg] tcp: Starting connection attempt to 146.75.110.142 port 443
[   6.303][d][ffmpeg] tcp: Successfully connected to 146.75.110.142 port 443
[   6.425][d][ffmpeg] AVIOContext: Statistics: 619 bytes read, 0 seeks
[   6.425][d][ffmpeg/demuxer] dash: DASH request for url 'https://sp-ad-fa.audio.tidal.com/mediatracks/GigIAxIkMzk2MzRjOGM1ODkxMjhiY2U2MWZjYjA2MDA2MWUwZjMubXA0IiAdAACAQCACKhB3aHDeP5TFpK-rdvTUQO_EMgUNAACgQQ/1.mp4?token=1769040222~L21lZGlhdHJhY2tzL0dpZ0lBeElrTXprMk16UmpPR00xT0RreE1qaGlZMlUyTVdaallqQTJNREEyTVdVd1pqTXViWEEwSWlBZEFBQ0FRQ0FDS2hCM2FIRGVQNVRGcEstcmR2VFVRT19FTWdVTkFBQ2dRUS8qfjMzYTY1YTA3Y2ZmYzg0N2YzNDFlMmZlMDdmYjA5N2Y0OTIzNGY2NTA=', offset 0
[   6.425][d][ffmpeg] tcp: Starting connection attempt to 146.75.110.142 port 443
[   6.436][d][ffmpeg] tcp: Successfully connected to 146.75.110.142 port 443
[   6.474][d][ffmpeg/demuxer] mov,mp4,m4a,3gp,3g2,mj2: advanced_editlist does not work with fragmented MP4. disabling.
[   6.474][v][lavf] Could not set AVOption user_agent='libmpv'
[   6.474][v][lavf] Could not set AVOption tls_verify='0'
[   6.474][v][lavf] Could not set AVOption icy='1'
[   6.474][v][lavf] Could not set AVOption timeout='60000000'
[   6.475][v][lavf] avformat_find_stream_info() finished after 0 bytes.
[   6.475][v][demux] Detected file format: dash (libavformat)
[   6.475][v][cplayer] Opening done: /tmp/mpd_235d40ac-5abd-4d55-a2f0-1ab06727568b.mpd
[   6.475][v][find_files] Loading external files in /tmp/
[   6.475][v][cplayer] Running hook: auto_profiles/on_preloaded
[   6.475][v][cplayer] Failed sending hook command auto_profiles/on_preloaded. Removing hook.
[   6.475][v][cplayer] Running hook: ytdl_hook/on_preloaded
[   6.475][v][lavf] select track 0
[   6.475][v][lavf] refresh track 0 (audio)
[   6.475][v][lavf] refresh seek to 0.000000
[   6.475][v][lavf] execute seek (to 0.000000 flags 32)
[   6.475][i][cplayer] ● Audio  --aid=1  (flac 2ch 48000 Hz 1616 kbps) [default]
[   6.475][d][ffmpeg/demuxer] dash: DASH seek pos[0ms] 
[   6.475][d][ffmpeg] AVIOContext: Statistics: 32920 bytes read, 0 seeks
[   6.475][d][ffmpeg/demuxer] dash: dash_seek with SegmentTimeline start n_timelines[2] last_seq_no[44].
[   6.475][d][ffmpeg/demuxer] dash: dash_seek with SegmentTimeline end cur_seq_no[1].
[   6.475][d][ffmpeg/demuxer] dash: DASH request for url 'https://sp-ad-fa.audio.tidal.com/mediatracks/GigIAxIkMzk2MzRjOGM1ODkxMjhiY2U2MWZjYjA2MDA2MWUwZjMubXA0IiAdAACAQCACKhB3aHDeP5TFpK-rdvTUQO_EMgUNAACgQQ/1.mp4?token=1769040222~L21lZGlhdHJhY2tzL0dpZ0lBeElrTXprMk16UmpPR00xT0RreE1qaGlZMlUyTVdaallqQTJNREEyTVdVd1pqTXViWEEwSWlBZEFBQ0FRQ0FDS2hCM2FIRGVQNVRGcEstcmR2VFVRT19FTWdVTkFBQ2dRUS8qfjMzYTY1YTA3Y2ZmYzg0N2YzNDFlMmZlMDdmYjA5N2Y0OTIzNGY2NTA=', offset 0
[   6.475][v][ad] Codec list:
[   6.475][v][ad]     flac - FLAC (Free Lossless Audio Codec)
[   6.475][v][ad] Opening decoder flac
[   6.475][v][ad] Requesting 1 threads for decoding.
[   6.475][v][ad] Selected decoder: flac - FLAC (Free Lossless Audio Codec)
[   6.475][v][af] User filter list:
[   6.475][v][af]   (empty)
[   6.475][v][cplayer] Starting playback...
[   6.476][d][ffmpeg] tcp: Starting connection attempt to 146.75.110.142 port 443
[   6.485][d][ffmpeg] tcp: Successfully connected to 146.75.110.142 port 443
[   6.522][d][ffmpeg/demuxer] mov,mp4,m4a,3gp,3g2,mj2: advanced_editlist does not work with fragmented MP4. disabling.
[   6.522][v][lavf] seek done
[   6.523][v][af] [in] 48000Hz stereo 2ch s32
[   6.523][v][af] [userspeed] 48000Hz stereo 2ch s32
[   6.523][v][af] [userspeed] (disabled)
[   6.523][v][af] [convert] 48000Hz stereo 2ch s32
[   6.523][v][ao] Trying audio driver 'pipewire'
[   6.523][v][ao/pipewire] requested format: 48000 Hz, stereo channels, s32
[   6.523][v][ao/pipewire] Headers version: 1.4.9
[   6.523][v][ao/pipewire] Library version: 1.4.10
[   6.525][v][ao/pipewire] Core user: Uday
[   6.525][v][ao/pipewire] Core host: Archie
[   6.525][v][ao/pipewire] Core version: 1.4.10
[   6.525][v][ao/pipewire] Core name: pipewire-0
[   6.525][d][ao/pipewire] Stream state changed: old_state=unconnected state=connecting error=(null)
[   6.526][v][ao/pipewire] using soft-buffer of 9600 samples.
[   6.526][i][cplayer] AO: [pipewire] 48000Hz stereo 2ch s32
[   6.526][v][cplayer] AO: Description: PipeWire audio output
[   6.526][v][af] [convert] (disabled)
[   6.526][v][af] [out] 48000Hz stereo 2ch s32
[   6.526][d][ao/pipewire] Stream state changed: old_state=connecting state=paused error=(null)
[   6.527][v][cplayer] audio ready
[   6.527][v][cplayer] starting audio playback
[   6.527][v][cplayer] playback restart complete @ 0.000000, audio=playing, video=eof
[   6.531][d][ao/pipewire] Stream state changed: old_state=paused state=streaming error=(null)
[   9.189][d][ffmpeg] AVIOContext: Statistics: 793150 bytes read, 0 seeks
[   9.190][d][ffmpeg/demuxer] dash: DASH request for url 'https://sp-ad-fa.audio.tidal.com/mediatracks/GigIAxIkMzk2MzRjOGM1ODkxMjhiY2U2MWZjYjA2MDA2MWUwZjMubXA0IiAdAACAQCACKhB3aHDeP5TFpK-rdvTUQO_EMgUNAACgQQ/2.mp4?token=1769040222~L21lZGlhdHJhY2tzL0dpZ0lBeElrTXprMk16UmpPR00xT0RreE1qaGlZMlUyTVdaallqQTJNREEyTVdVd1pqTXViWEEwSWlBZEFBQ0FRQ0FDS2hCM2FIRGVQNVRGcEstcmR2VFVRT19FTWdVTkFBQ2dRUS8qfjMzYTY1YTA3Y2ZmYzg0N2YzNDFlMmZlMDdmYjA5N2Y0OTIzNGY2NTA=', offset 0
[   9.191][d][ffmpeg] tcp: Starting connection attempt to 146.75.110.142 port 443
[   9.472][d][ffmpeg] tcp: Successfully connected to 146.75.110.142 port 443
[   9.512][d][ffmpeg/demuxer] mov,mp4,m4a,3gp,3g2,mj2: advanced_editlist does not work with fragmented MP4. disabling.
[  10.492][d][cplayer] Run command: loadfile, flags=64, args=[url="/home/Uday/.local/share/mscply/songs/301036109", flags="insert-at", index="1", options=""]
[  10.492][d][cplayer] Run command: loadfile, flags=64, args=[url="/home/Uday/.local/share/mscply/songs/477515496", flags="insert-at", index="1", options=""]
[  10.492][d][cplayer] Run command: loadfile, flags=64, args=[url="/home/Uday/.local/share/mscply/songs/460161334", flags="insert-at", index="1", options=""]
[  10.492][d][cplayer] Run command: loadfile, flags=64, args=[url="/home/Uday/.local/share/mscply/songs/436842056", flags="insert-at", index="1", options=""]
[  11.096][d][cplayer] Run command: loadfile, flags=64, args=[url="/home/Uday/.local/share/mscply/songs/381430327", flags="insert-at", index="1", options=""]
[  11.096][d][cplayer] Run command: loadfile, flags=64, args=[url="/home/Uday/.local/share/mscply/songs/448603860", flags="insert-at", index="1", options=""]
[  11.399][d][cplayer] Run command: loadfile, flags=64, args=[url="/home/Uday/.local/share/mscply/songs/404307413", flags="insert-at", index="1", options=""]
[  11.399][d][cplayer] Run command: loadfile, flags=64, args=[url="/home/Uday/.local/share/mscply/songs/478267619", flags="insert-at", index="1", options=""]
[  11.702][d][cplayer] Run command: loadfile, flags=64, args=[url="/home/Uday/.local/share/mscply/songs/301038541", flags="insert-at", index="1", options=""]
[  12.005][d][cplayer] Run command: loadfile, flags=64, args=[url="/home/Uday/.local/share/mscply/songs/423700348", flags="insert-at", index="1", options=""]
[  12.407][d][cplayer] Run command: loadfile, flags=64, args=[url="/home/Uday/.local/share/mscply/songs/423271153", flags="insert-at", index="1", options=""]
[  13.115][d][ffmpeg] AVIOContext: Statistics: 817526 bytes read, 0 seeks
[  13.115][d][ffmpeg/demuxer] dash: DASH request for url 'https://sp-ad-fa.audio.tidal.com/mediatracks/GigIAxIkMzk2MzRjOGM1ODkxMjhiY2U2MWZjYjA2MDA2MWUwZjMubXA0IiAdAACAQCACKhB3aHDeP5TFpK-rdvTUQO_EMgUNAACgQQ/3.mp4?token=1769040222~L21lZGlhdHJhY2tzL0dpZ0lBeElrTXprMk16UmpPR00xT0RreE1qaGlZMlUyTVdaallqQTJNREEyTVdVd1pqTXViWEEwSWlBZEFBQ0FRQ0FDS2hCM2FIRGVQNVRGcEstcmR2VFVRT19FTWdVTkFBQ2dRUS8qfjMzYTY1YTA3Y2ZmYzg0N2YzNDFlMmZlMDdmYjA5N2Y0OTIzNGY2NTA=', offset 0
[  13.155][d][ffmpeg] tcp: Starting connection attempt to 146.75.110.142 port 443
[  13.167][d][ffmpeg] tcp: Successfully connected to 146.75.110.142 port 443
[  13.208][d][ffmpeg/demuxer] mov,mp4,m4a,3gp,3g2,mj2: advanced_editlist does not work with fragmented MP4. disabling.
[  14.036][d][cplayer] Run command: playlist-next, flags=64, args=[flags="force"]
[  14.036][v][cplayer] EOF code: 3  
[  14.036][d][ad] Uninit decoder.
[  14.036][d][cplayer] Terminating demuxers...
[  14.036][d][ffmpeg] AVIOContext: Statistics: 196608 bytes read, 0 seeks
[  14.036][d][ffmpeg] AVIOContext: Statistics: 1784 bytes read, 0 seeks
[  14.036][d][cplayer] Done terminating demuxers.
[  14.036][v][cplayer] finished playback, success (reason 2)
[  14.036][v][cplayer] Running hook: ytdl_hook/on_after_end_file
[  14.036][d][ao/pipewire] Stream state changed: old_state=streaming state=paused error=(null)
[  14.036][d][cplayer] Run command: del, flags=64, args=[name="user-data/mpv/ytdl/json-subprocess-result"]
[  14.036][d][global] state path: 'watch_later' -> '-'
[  14.036][i][cplayer] Playing: /home/Uday/.local/share/mscply/songs/423271153
[  14.036][v][cplayer] Running hook: ytdl_hook/on_load
[  14.036][v][cplayer] Running hook: ytdl_hook/on_load
[  14.036][v][ytdl_hook] playlist hook
[  14.037][v][ifo_dvdnav] Opening /home/Uday/.local/share/mscply/songs/423271153
[  14.037][v][bdmv/bluray] Opening /home/Uday/.local/share/mscply/songs/423271153
[  14.037][v][file] Opening /home/Uday/.local/share/mscply/songs/423271153
[  14.037][d][file] resize stream to 131072 bytes, drop 0 bytes
[  14.037][d][file] Stream opened successfully.
[  14.037][v][demux] Trying demuxers for level=normal.
[  14.037][d][demux] Trying demuxer: directory (force-level: normal)
[  14.037][d][demux] Trying demuxer: disc (force-level: normal)
[  14.037][d][demux] Trying demuxer: edl (force-level: normal)
[  14.037][d][demux] Trying demuxer: cue (force-level: normal)
[  14.037][d][demux] Trying demuxer: rawaudio (force-level: normal)
[  14.037][d][demux] Trying demuxer: rawvideo (force-level: normal)
[  14.037][d][demux] Trying demuxer: mkv (force-level: normal)
[  14.037][d][demux] Trying demuxer: libarchive (force-level: normal)
[  14.037][d][demux] Trying demuxer: lavf (force-level: normal)
[  14.039][v][lavf] Found 'flac' at score=100 size=2048.
[  14.039][v][lavf] avformat_find_stream_info() finished after 131072 bytes.
[  14.039][v][demux] Detected file format: flac (libavformat)
[  14.039][v][cplayer] Opening done: /home/Uday/.local/share/mscply/songs/423271153
[  14.039][v][find_files] Loading external files in /home/Uday/.local/share/mscply/songs/
[  14.040][v][cplayer] Running hook: ytdl_hook/on_preloaded
[  14.040][v][lavf] select track 0
[  14.040][v][lavf] refresh track 0 (audio)
[  14.040][v][lavf] refresh seek to 0.000000
[  14.040][v][lavf] execute seek (to 0.000000 flags 32)
[  14.040][i][cplayer]  ● Audio  --aid=1  (flac 2ch 44100 Hz)
[  14.040][v][ad] Codec list:
[  14.040][v][ad]     flac - FLAC (Free Lossless Audio Codec)
[  14.040][v][ad] Opening decoder flac
[  14.040][v][lavf] seek done
[  14.040][v][ad] Requesting 1 threads for decoding.
[  14.040][v][ad] Selected decoder: flac - FLAC (Free Lossless Audio Codec)
[  14.040][v][af] User filter list:
[  14.040][v][af]   (empty)
[  14.040][v][cplayer] Starting playback...
[  14.041][v][af] [in] 44100Hz stereo 2ch s32
[  14.041][v][af] [userspeed] 44100Hz stereo 2ch s32
[  14.041][v][af] [userspeed] (disabled)
[  14.041][v][af] [convert] 44100Hz stereo 2ch s32
[  14.042][v][ao] Trying audio driver 'pipewire'
[  14.042][v][ao/pipewire] requested format: 44100 Hz, stereo channels, s32
[  14.042][v][ao/pipewire] Headers version: 1.4.9
[  14.042][v][ao/pipewire] Library version: 1.4.10
[  14.044][v][ao/pipewire] Core user: Uday
[  14.045][v][ao/pipewire] Core host: Archie
[  14.045][v][ao/pipewire] Core version: 1.4.10
[  14.045][v][ao/pipewire] Core name: pipewire-0
[  14.045][d][ao/pipewire] Stream state changed: old_state=unconnected state=connecting error=(null)
[  14.045][v][ao/pipewire] using soft-buffer of 8820 samples.
[  14.045][i][cplayer] AO: [pipewire] 44100Hz stereo 2ch s32
[  14.045][v][cplayer] AO: Description: PipeWire audio output
[  14.046][v][af] [convert] (disabled)
[  14.046][v][af] [out] 44100Hz stereo 2ch s32
[  14.046][v][cplayer] audio ready
[  14.046][v][cplayer] starting audio playback
[  14.046][d][ao/pipewire] Stream state changed: old_state=connecting state=paused error=(null)
[  14.046][v][cplayer] playback restart complete @ 0.000000, audio=playing, video=eof
[  14.050][d][ao/pipewire] Stream state changed: old_state=paused state=streaming error=(null)
[  16.478][d][cplayer] Run command: playlist-next, flags=64, args=[flags="force"]
[  16.478][v][cplayer] EOF code: 3  
[  16.478][d][ad] Uninit decoder.
[  16.478][d][cplayer] Terminating demuxers...
[  16.478][d][cplayer] Done terminating demuxers.
[  16.478][v][cplayer] finished playback, success (reason 2)
[  16.478][v][cplayer] Running hook: ytdl_hook/on_after_end_file
[  16.478][d][cplayer] Run command: del, flags=64, args=[name="user-data/mpv/ytdl/json-subprocess-result"]
[  16.478][d][global] state path: 'watch_later' -> '-'
[  16.478][d][ao/pipewire] Stream state changed: old_state=streaming state=paused error=(null)
[  16.478][i][cplayer] Playing: /home/Uday/.local/share/mscply/songs/423700348
[  16.478][v][cplayer] Running hook: ytdl_hook/on_load
[  16.479][v][cplayer] Running hook: ytdl_hook/on_load
[  16.479][v][ytdl_hook] playlist hook
[  16.479][v][ifo_dvdnav] Opening /home/Uday/.local/share/mscply/songs/423700348
[  16.479][v][bdmv/bluray] Opening /home/Uday/.local/share/mscply/songs/423700348
[  16.479][v][file] Opening /home/Uday/.local/share/mscply/songs/423700348
[  16.479][d][file] resize stream to 131072 bytes, drop 0 bytes
[  16.479][d][file] Stream opened successfully.
[  16.479][v][demux] Trying demuxers for level=normal.
[  16.479][d][demux] Trying demuxer: directory (force-level: normal)
[  16.479][d][demux] Trying demuxer: disc (force-level: normal)
[  16.479][d][demux] Trying demuxer: edl (force-level: normal)
[  16.479][d][demux] Trying demuxer: cue (force-level: normal)
[  16.479][d][demux] Trying demuxer: rawaudio (force-level: normal)
[  16.479][d][demux] Trying demuxer: rawvideo (force-level: normal)
[  16.479][d][demux] Trying demuxer: mkv (force-level: normal)
[  16.479][d][demux] Trying demuxer: libarchive (force-level: normal)
[  16.480][d][demux] Trying demuxer: lavf (force-level: normal)
[  16.480][v][lavf] Found 'flac' at score=100 size=2048.
[  16.481][v][lavf] avformat_find_stream_info() finished after 196608 bytes.
[  16.481][v][demux] Detected file format: flac (libavformat)
[  16.481][v][cplayer] Opening done: /home/Uday/.local/share/mscply/songs/423700348
[  16.481][v][find_files] Loading external files in /home/Uday/.local/share/mscply/songs/
[  16.481][v][cplayer] Running hook: ytdl_hook/on_preloaded
[  16.481][v][lavf] select track 0
[  16.481][v][lavf] refresh track 0 (audio)
[  16.481][v][lavf] refresh seek to 0.000000
[  16.481][i][cplayer]  ● Audio  --aid=1  (flac 2ch 48000 Hz)
[  16.481][v][lavf] execute seek (to 0.000000 flags 32)
[  16.481][v][file] stream level seek from 196608 to 8286
[  16.481][v][ad] Codec list:
[  16.481][v][ad]     flac - FLAC (Free Lossless Audio Codec)
[  16.481][v][ad] Opening decoder flac
[  16.481][v][ad] Requesting 1 threads for decoding.
[  16.481][v][ad] Selected decoder: flac - FLAC (Free Lossless Audio Codec)
[  16.481][v][af] User filter list:
[  16.481][v][af]   (empty)
[  16.481][v][cplayer] Starting playback...
[  16.481][v][file] stream level seek from 204894 to 8286
[  16.481][v][lavf] seek done
[  16.482][v][af] [in] 48000Hz stereo 2ch s32
[  16.482][v][af] [userspeed] 48000Hz stereo 2ch s32
[  16.482][v][af] [userspeed] (disabled)
[  16.482][v][af] [convert] 48000Hz stereo 2ch s32
[  16.483][v][ao] Trying audio driver 'pipewire'
[  16.483][v][ao/pipewire] requested format: 48000 Hz, stereo channels, s32
[  16.483][v][ao/pipewire] Headers version: 1.4.9
[  16.483][v][ao/pipewire] Library version: 1.4.10
[  16.484][v][ao/pipewire] Core user: Uday
[  16.484][v][ao/pipewire] Core host: Archie
[  16.484][v][ao/pipewire] Core version: 1.4.10
[  16.484][v][ao/pipewire] Core name: pipewire-0
[  16.484][d][ao/pipewire] Stream state changed: old_state=unconnected state=connecting error=(null)
[  16.485][v][ao/pipewire] using soft-buffer of 9600 samples.
[  16.485][i][cplayer] AO: [pipewire] 48000Hz stereo 2ch s32
[  16.485][v][cplayer] AO: Description: PipeWire audio output
[  16.485][v][af] [convert] (disabled)
[  16.485][v][af] [out] 48000Hz stereo 2ch s32
[  16.485][v][cplayer] audio ready
[  16.485][v][cplayer] starting audio playback
[  16.485][d][ao/pipewire] Stream state changed: old_state=connecting state=paused error=(null)
[  16.485][v][cplayer] playback restart complete @ 0.000000, audio=playing, video=eof
[  16.490][d][ao/pipewire] Stream state changed: old_state=paused state=streaming error=(null)
[  20.381][d][cplayer] Run command: playlist-next, flags=64, args=[flags="force"]
[  20.381][v][cplayer] EOF code: 3  
[  20.381][d][ad] Uninit decoder.
[  20.381][d][cplayer] Terminating demuxers...
[  20.381][d][cplayer] Done terminating demuxers.
[  20.381][v][cplayer] finished playback, success (reason 2)
[  20.381][v][cplayer] Running hook: ytdl_hook/on_after_end_file
[  20.381][d][ao/pipewire] Stream state changed: old_state=streaming state=paused error=(null)
[  20.381][d][cplayer] Run command: del, flags=64, args=[name="user-data/mpv/ytdl/json-subprocess-result"]
[  20.381][d][global] state path: 'watch_later' -> '-'
[  20.381][i][cplayer] Playing: /home/Uday/.local/share/mscply/songs/301038541
[  20.381][v][cplayer] Running hook: ytdl_hook/on_load
[  20.381][v][cplayer] Running hook: ytdl_hook/on_load
[  20.381][v][ytdl_hook] playlist hook
[  20.381][v][ifo_dvdnav] Opening /home/Uday/.local/share/mscply/songs/301038541
[  20.382][v][bdmv/bluray] Opening /home/Uday/.local/share/mscply/songs/301038541
[  20.382][v][file] Opening /home/Uday/.local/share/mscply/songs/301038541
[  20.382][d][file] resize stream to 131072 bytes, drop 0 bytes
[  20.382][d][file] Stream opened successfully.
[  20.382][v][demux] Trying demuxers for level=normal.
[  20.382][d][demux] Trying demuxer: directory (force-level: normal)
[  20.390][d][demux] Trying demuxer: disc (force-level: normal)
[  20.390][d][demux] Trying demuxer: edl (force-level: normal)
[  20.390][d][demux] Trying demuxer: cue (force-level: normal)
[  20.390][d][demux] Trying demuxer: rawaudio (force-level: normal)
[  20.390][d][demux] Trying demuxer: rawvideo (force-level: normal)
[  20.390][d][demux] Trying demuxer: mkv (force-level: normal)
[  20.390][d][demux] Trying demuxer: libarchive (force-level: normal)
[  20.391][d][demux] Trying demuxer: lavf (force-level: normal)
[  20.391][v][lavf] Found 'flac' at score=100 size=2048.
[  20.392][v][lavf] avformat_find_stream_info() finished after 98304 bytes.
[  20.392][v][demux] Detected file format: flac (libavformat)
[  20.392][v][cplayer] Opening done: /home/Uday/.local/share/mscply/songs/301038541
[  20.392][v][find_files] Loading external files in /home/Uday/.local/share/mscply/songs/
[  20.392][v][cplayer] Running hook: ytdl_hook/on_preloaded
[  20.392][v][lavf] select track 0
[  20.392][v][lavf] refresh track 0 (audio)
[  20.392][v][lavf] refresh seek to 0.000000
[  20.392][i][cplayer]  ● Audio  --aid=1  (flac 2ch 44100 Hz)
[  20.392][v][lavf] execute seek (to 0.000000 flags 32)
[  20.392][v][lavf] seek done
[  20.392][v][ad] Codec list:
[  20.392][v][ad]     flac - FLAC (Free Lossless Audio Codec)
[  20.392][v][ad] Opening decoder flac
[  20.392][v][ad] Requesting 1 threads for decoding.
[  20.392][v][ad] Selected decoder: flac - FLAC (Free Lossless Audio Codec)
[  20.392][v][af] User filter list:
[  20.392][v][af]   (empty)
[  20.392][v][cplayer] Starting playback...
[  20.393][v][af] [in] 44100Hz stereo 2ch s16
[  20.393][v][af] [userspeed] 44100Hz stereo 2ch s16
[  20.393][v][af] [userspeed] (disabled)
[  20.393][v][af] [convert] 44100Hz stereo 2ch s16
[  20.394][v][ao] Trying audio driver 'pipewire'
[  20.394][v][ao/pipewire] requested format: 44100 Hz, stereo channels, s16
[  20.394][v][ao/pipewire] Headers version: 1.4.9
[  20.394][v][ao/pipewire] Library version: 1.4.10
[  20.396][v][ao/pipewire] Core user: Uday
[  20.396][v][ao/pipewire] Core host: Archie
[  20.396][v][ao/pipewire] Core version: 1.4.10
[  20.396][v][ao/pipewire] Core name: pipewire-0
[  20.396][d][ao/pipewire] Stream state changed: old_state=unconnected state=connecting error=(null)
[  20.397][v][ao/pipewire] using soft-buffer of 8820 samples.
[  20.397][i][cplayer] AO: [pipewire] 44100Hz stereo 2ch s16
[  20.397][v][cplayer] AO: Description: PipeWire audio output
[  20.397][v][af] [convert] (disabled)
[  20.397][v][af] [out] 44100Hz stereo 2ch s16
[  20.397][d][ao/pipewire] Stream state changed: old_state=connecting state=paused error=(null)
[  20.397][v][cplayer] audio ready
[  20.397][v][cplayer] starting audio playback
[  20.397][v][cplayer] playback restart complete @ 0.000000, audio=playing, video=eof
[  20.402][d][ao/pipewire] Stream state changed: old_state=paused state=streaming error=(null)
[  22.098][d][cplayer] Run command: playlist-next, flags=64, args=[flags="force"]
[  22.098][v][cplayer] EOF code: 3  
[  22.098][d][ad] Uninit decoder.
[  22.098][d][cplayer] Terminating demuxers...
[  22.098][d][cplayer] Done terminating demuxers.
[  22.098][v][cplayer] finished playback, success (reason 2)
[  22.098][v][cplayer] Running hook: ytdl_hook/on_after_end_file
[  22.098][d][cplayer] Run command: del, flags=64, args=[name="user-data/mpv/ytdl/json-subprocess-result"]
[  22.099][d][global] state path: 'watch_later' -> '-'
[  22.099][i][cplayer] Playing: /home/Uday/.local/share/mscply/songs/478267619
[  22.099][v][cplayer] Running hook: ytdl_hook/on_load
[  22.099][d][ao/pipewire] Stream state changed: old_state=streaming state=paused error=(null)
[  22.099][v][cplayer] Running hook: ytdl_hook/on_load
[  22.099][v][ytdl_hook] playlist hook
[  22.099][v][ifo_dvdnav] Opening /home/Uday/.local/share/mscply/songs/478267619
[  22.099][v][bdmv/bluray] Opening /home/Uday/.local/share/mscply/songs/478267619
[  22.099][v][file] Opening /home/Uday/.local/share/mscply/songs/478267619
[  22.099][d][file] resize stream to 131072 bytes, drop 0 bytes
[  22.099][d][file] Stream opened successfully.
[  22.099][v][demux] Trying demuxers for level=normal.
[  22.099][d][demux] Trying demuxer: directory (force-level: normal)
[  22.099][d][demux] Trying demuxer: disc (force-level: normal)
[  22.099][d][demux] Trying demuxer: edl (force-level: normal)
[  22.099][d][demux] Trying demuxer: cue (force-level: normal)
[  22.100][d][demux] Trying demuxer: rawaudio (force-level: normal)
[  22.100][d][demux] Trying demuxer: rawvideo (force-level: normal)
[  22.100][d][demux] Trying demuxer: mkv (force-level: normal)
[  22.100][d][demux] Trying demuxer: libarchive (force-level: normal)
[  22.100][d][demux] Trying demuxer: lavf (force-level: normal)
[  22.100][v][lavf] Found 'flac' at score=100 size=2048.
[  22.101][v][lavf] avformat_find_stream_info() finished after 196608 bytes.
[  22.101][v][demux] Detected file format: flac (libavformat)
[  22.101][v][cplayer] Opening done: /home/Uday/.local/share/mscply/songs/478267619
[  22.101][v][find_files] Loading external files in /home/Uday/.local/share/mscply/songs/
[  22.101][v][cplayer] Running hook: ytdl_hook/on_preloaded
[  22.101][v][lavf] select track 0
[  22.101][v][lavf] refresh track 0 (audio)
[  22.101][v][lavf] refresh seek to 0.000000
[  22.101][i][cplayer]  ● Audio  --aid=1  (flac 2ch 48000 Hz)
[  22.101][v][lavf] execute seek (to 0.000000 flags 32)
[  22.101][v][file] stream level seek from 196608 to 8286
[  22.101][v][ad] Codec list:
[  22.101][v][ad]     flac - FLAC (Free Lossless Audio Codec)
[  22.101][v][ad] Opening decoder flac
[  22.101][v][ad] Requesting 1 threads for decoding.
[  22.101][v][ad] Selected decoder: flac - FLAC (Free Lossless Audio Codec)
[  22.101][v][af] User filter list:
[  22.101][v][af]   (empty)
[  22.101][v][cplayer] Starting playback...
[  22.102][v][file] stream level seek from 204894 to 8286
[  22.102][v][lavf] seek done
[  22.102][v][af] [in] 48000Hz stereo 2ch s32
[  22.102][v][af] [userspeed] 48000Hz stereo 2ch s32
[  22.102][v][af] [userspeed] (disabled)
[  22.102][v][af] [convert] 48000Hz stereo 2ch s32
[  22.103][v][ao] Trying audio driver 'pipewire'
[  22.103][v][ao/pipewire] requested format: 48000 Hz, stereo channels, s32
[  22.103][v][ao/pipewire] Headers version: 1.4.9
[  22.103][v][ao/pipewire] Library version: 1.4.10
[  22.105][v][ao/pipewire] Core user: Uday
[  22.105][v][ao/pipewire] Core host: Archie
[  22.105][v][ao/pipewire] Core version: 1.4.10
[  22.105][v][ao/pipewire] Core name: pipewire-0
[  22.105][d][ao/pipewire] Stream state changed: old_state=unconnected state=connecting error=(null)
[  22.105][v][ao/pipewire] using soft-buffer of 9600 samples.
[  22.105][i][cplayer] AO: [pipewire] 48000Hz stereo 2ch s32
[  22.105][v][cplayer] AO: Description: PipeWire audio output
[  22.105][v][af] [convert] (disabled)
[  22.105][v][af] [out] 48000Hz stereo 2ch s32
[  22.106][d][ao/pipewire] Stream state changed: old_state=connecting state=paused error=(null)
[  22.106][v][cplayer] audio ready
[  22.106][v][cplayer] starting audio playback
[  22.106][v][cplayer] playback restart complete @ 0.000000, audio=playing, video=eof
[  22.109][d][ao/pipewire] Stream state changed: old_state=paused state=streaming error=(null)
[  24.271][d][cplayer] Run command: playlist-next, flags=64, args=[flags="force"]
[  24.271][v][cplayer] EOF code: 3  
[  24.271][d][ad] Uninit decoder.
[  24.271][d][cplayer] Terminating demuxers...
[  24.271][d][cplayer] Done terminating demuxers.
[  24.271][v][cplayer] finished playback, success (reason 2)
[  24.271][v][cplayer] Running hook: ytdl_hook/on_after_end_file
[  24.271][d][cplayer] Run command: del, flags=64, args=[name="user-data/mpv/ytdl/json-subprocess-result"]
[  24.271][d][global] state path: 'watch_later' -> '-'
[  24.271][i][cplayer] Playing: /home/Uday/.local/share/mscply/songs/404307413
[  24.271][v][cplayer] Running hook: ytdl_hook/on_load
[  24.271][d][ao/pipewire] Stream state changed: old_state=streaming state=paused error=(null)
[  24.271][v][cplayer] Running hook: ytdl_hook/on_load
[  24.271][v][ytdl_hook] playlist hook
[  24.271][v][ifo_dvdnav] Opening /home/Uday/.local/share/mscply/songs/404307413
[  24.271][v][bdmv/bluray] Opening /home/Uday/.local/share/mscply/songs/404307413
[  24.271][v][file] Opening /home/Uday/.local/share/mscply/songs/404307413
[  24.272][d][file] resize stream to 131072 bytes, drop 0 bytes
[  24.272][d][file] Stream opened successfully.
[  24.272][v][demux] Trying demuxers for level=normal.
[  24.272][d][demux] Trying demuxer: directory (force-level: normal)
[  24.280][d][demux] Trying demuxer: disc (force-level: normal)
[  24.280][d][demux] Trying demuxer: edl (force-level: normal)
[  24.280][d][demux] Trying demuxer: cue (force-level: normal)
[  24.280][d][demux] Trying demuxer: rawaudio (force-level: normal)
[  24.280][d][demux] Trying demuxer: rawvideo (force-level: normal)
[  24.280][d][demux] Trying demuxer: mkv (force-level: normal)
[  24.280][d][demux] Trying demuxer: libarchive (force-level: normal)
[  24.281][d][demux] Trying demuxer: lavf (force-level: normal)
[  24.281][v][lavf] Found 'flac' at score=100 size=2048.
[  24.282][v][lavf] avformat_find_stream_info() finished after 98304 bytes.
[  24.282][v][demux] Detected file format: flac (libavformat)
[  24.282][v][cplayer] Opening done: /home/Uday/.local/share/mscply/songs/404307413
[  24.282][v][find_files] Loading external files in /home/Uday/.local/share/mscply/songs/
[  24.282][v][cplayer] Running hook: ytdl_hook/on_preloaded
[  24.282][v][lavf] select track 0
[  24.282][v][lavf] refresh track 0 (audio)
[  24.282][v][lavf] refresh seek to 0.000000
[  24.282][v][lavf] execute seek (to 0.000000 flags 32)
[  24.282][i][cplayer]  ● Audio  --aid=1  (flac 2ch 44100 Hz)
[  24.282][v][lavf] seek done
[  24.282][v][ad] Codec list:
[  24.282][v][ad]     flac - FLAC (Free Lossless Audio Codec)
[  24.282][v][ad] Opening decoder flac
[  24.282][v][ad] Requesting 1 threads for decoding.
[  24.282][v][ad] Selected decoder: flac - FLAC (Free Lossless Audio Codec)
[  24.282][v][af] User filter list:
[  24.282][v][af]   (empty)
[  24.282][v][cplayer] Starting playback...
[  24.283][v][af] [in] 44100Hz stereo 2ch s16
[  24.283][v][af] [userspeed] 44100Hz stereo 2ch s16
[  24.283][v][af] [userspeed] (disabled)
[  24.283][v][af] [convert] 44100Hz stereo 2ch s16
[  24.285][v][ao] Trying audio driver 'pipewire'
[  24.285][v][ao/pipewire] requested format: 44100 Hz, stereo channels, s16
[  24.285][v][ao/pipewire] Headers version: 1.4.9
[  24.285][v][ao/pipewire] Library version: 1.4.10
[  24.287][v][ao/pipewire] Core user: Uday
[  24.287][v][ao/pipewire] Core host: Archie
[  24.287][v][ao/pipewire] Core version: 1.4.10
[  24.287][v][ao/pipewire] Core name: pipewire-0
[  24.287][d][ao/pipewire] Stream state changed: old_state=unconnected state=connecting error=(null)
[  24.288][v][ao/pipewire] using soft-buffer of 8820 samples.
[  24.288][i][cplayer] AO: [pipewire] 44100Hz stereo 2ch s16
[  24.288][v][cplayer] AO: Description: PipeWire audio output
[  24.288][v][af] [convert] (disabled)
[  24.288][v][af] [out] 44100Hz stereo 2ch s16
[  24.288][d][ao/pipewire] Stream state changed: old_state=connecting state=paused error=(null)
[  24.288][v][cplayer] audio ready
[  24.288][v][cplayer] starting audio playback
[  24.288][v][cplayer] playback restart complete @ 0.000000, audio=playing, video=eof
[  24.292][d][ao/pipewire] Stream state changed: old_state=paused state=streaming error=(null)
[  29.272][d][cplayer] Run command: playlist-next, flags=64, args=[flags="force"]
[  29.272][v][cplayer] EOF code: 3  
[  29.273][d][ad] Uninit decoder.
[  29.273][d][cplayer] Terminating demuxers...
[  29.273][d][cplayer] Done terminating demuxers.
[  29.273][v][cplayer] finished playback, success (reason 2)
[  29.273][v][cplayer] Running hook: ytdl_hook/on_after_end_file
[  29.273][d][cplayer] Run command: del, flags=64, args=[name="user-data/mpv/ytdl/json-subprocess-result"]
[  29.273][d][global] state path: 'watch_later' -> '-'
[  29.273][i][cplayer] Playing: /home/Uday/.local/share/mscply/songs/448603860
[  29.273][v][cplayer] Running hook: ytdl_hook/on_load
[  29.273][v][cplayer] Running hook: ytdl_hook/on_load
[  29.273][d][ao/pipewire] Stream state changed: old_state=streaming state=paused error=(null)
[  29.273][v][ytdl_hook] playlist hook
[  29.273][v][ifo_dvdnav] Opening /home/Uday/.local/share/mscply/songs/448603860
[  29.273][v][bdmv/bluray] Opening /home/Uday/.local/share/mscply/songs/448603860
[  29.274][v][file] Opening /home/Uday/.local/share/mscply/songs/448603860
[  29.274][d][file] resize stream to 131072 bytes, drop 0 bytes
[  29.274][d][file] Stream opened successfully.
[  29.274][v][demux] Trying demuxers for level=normal.
[  29.274][d][demux] Trying demuxer: directory (force-level: normal)
[  29.282][d][demux] Trying demuxer: disc (force-level: normal)
[  29.282][d][demux] Trying demuxer: edl (force-level: normal)
[  29.282][d][demux] Trying demuxer: cue (force-level: normal)
[  29.282][d][demux] Trying demuxer: rawaudio (force-level: normal)
[  29.282][d][demux] Trying demuxer: rawvideo (force-level: normal)
[  29.282][d][demux] Trying demuxer: mkv (force-level: normal)
[  29.282][d][demux] Trying demuxer: libarchive (force-level: normal)
[  29.282][d][demux] Trying demuxer: lavf (force-level: normal)
[  29.283][v][lavf] Found 'flac' at score=100 size=2048.
[  29.284][v][lavf] avformat_find_stream_info() finished after 163840 bytes.
[  29.284][v][demux] Detected file format: flac (libavformat)
[  29.284][v][cplayer] Opening done: /home/Uday/.local/share/mscply/songs/448603860
[  29.284][v][find_files] Loading external files in /home/Uday/.local/share/mscply/songs/
[  29.284][v][cplayer] Running hook: ytdl_hook/on_preloaded
[  29.284][v][lavf] select track 0
[  29.284][v][lavf] refresh track 0 (audio)
[  29.284][v][lavf] refresh seek to 0.000000
[  29.284][v][lavf] execute seek (to 0.000000 flags 32)
[  29.284][v][file] stream level seek from 196608 to 8286
[  29.284][i][cplayer]  ● Audio  --aid=1  (flac 2ch 48000 Hz)
[  29.284][v][ad] Codec list:
[  29.284][v][ad]     flac - FLAC (Free Lossless Audio Codec)
[  29.284][v][ad] Opening decoder flac
[  29.285][v][lavf] seek done
[  29.285][v][ad] Requesting 1 threads for decoding.
[  29.285][v][ad] Selected decoder: flac - FLAC (Free Lossless Audio Codec)
[  29.285][v][af] User filter list:
[  29.285][v][af]   (empty)
[  29.285][v][cplayer] Starting playback...
[  29.285][v][af] [in] 48000Hz stereo 2ch s32
[  29.285][v][af] [userspeed] 48000Hz stereo 2ch s32
[  29.285][v][af] [userspeed] (disabled)
[  29.285][v][af] [convert] 48000Hz stereo 2ch s32
[  29.286][v][ao] Trying audio driver 'pipewire'
[  29.286][v][ao/pipewire] requested format: 48000 Hz, stereo channels, s32
[  29.286][v][ao/pipewire] Headers version: 1.4.9
[  29.286][v][ao/pipewire] Library version: 1.4.10
[  29.289][v][ao/pipewire] Core user: Uday
[  29.289][v][ao/pipewire] Core host: Archie
[  29.289][v][ao/pipewire] Core version: 1.4.10
[  29.289][v][ao/pipewire] Core name: pipewire-0
[  29.289][d][ao/pipewire] Stream state changed: old_state=unconnected state=connecting error=(null)
[  29.289][v][ao/pipewire] using soft-buffer of 9600 samples.
[  29.289][i][cplayer] AO: [pipewire] 48000Hz stereo 2ch s32
[  29.289][v][cplayer] AO: Description: PipeWire audio output
[  29.289][v][af] [convert] (disabled)
[  29.289][v][af] [out] 48000Hz stereo 2ch s32
[  29.290][d][ao/pipewire] Stream state changed: old_state=connecting state=paused error=(null)
[  29.290][v][cplayer] audio ready
[  29.290][v][cplayer] starting audio playback
[  29.290][v][cplayer] playback restart complete @ 0.000000, audio=playing, video=eof
[  29.294][d][ao/pipewire] Stream state changed: old_state=paused state=streaming error=(null)
[  31.974][d][main] Destroying client handle...
[  31.974][v][cplayer] EOF code: 5  
[  31.974][d][ad] Uninit decoder.
[  31.974][d][cplayer] Terminating demuxers...
[  31.974][d][cplayer] Done terminating demuxers.
[  31.974][v][cplayer] finished playback, success (reason 3)
[  31.974][v][cplayer] Running hook: ytdl_hook/on_after_end_file
[  31.974][d][ao/pipewire] Stream state changed: old_state=streaming state=paused error=(null)
[  31.974][d][cplayer] Run command: del, flags=64, args=[name="user-data/mpv/ytdl/json-subprocess-result"]
[  31.974][d][cplayer] Run command: del, flags=64, args=[name="user-data/mpv/console"]
[  31.975][d][positioning] Destroying client handle...
[  31.975][d][console] Destroying client handle...
[  31.975][d][stats] Destroying client handle...
[  31.975][d][commands] Destroying client handle...
[  31.975][d][select] Destroying client handle...
[  31.975][d][context_menu] Destroying client handle...
[  31.975][d][ytdl_hook] Destroying client handle...
[  31.976][v][clipboard/wayland] Deregistering seat 0xa
